<?xml version="1.0" encoding="UTF-8"?>
<!-- Generated by org.testng.reporters.JUnitReportReporter -->
<testsuite hostname="HYDHTC495996L" failures="0" tests="2" name="SimpleTest.Parametrization" time="3.717" errors="0" timestamp="2022-02-09T14:58:36 IST" skipped="0">
  <testcase classname="SimpleTest.Parametrization" name="search" time="1.810"/>
  <system-out>
    <![CDATA[Keyword entered is : Automation
Search results are displayed.]]>
  </system-out>
  <testcase classname="SimpleTest.Parametrization" name="search" time="1.907"/>
  <system-out>
    <![CDATA[Keyword entered is : Books
Search results are displayed.]]>
  </system-out>
</testsuite> <!-- SimpleTest.Parametrization -->
