<?xml version="1.0" encoding="UTF-8"?>
<!-- Generated by org.testng.reporters.JUnitReportReporter -->
<testsuite hostname="HYDHTC495996L" failures="0" tests="1" name="SimpleTest.ExtentReport" time="4.114" errors="0" timestamp="2022-02-09T15:10:18 IST" skipped="0">
  <testcase classname="SimpleTest.ExtentReport" name="extentReports" time="4.114"/>
  <system-out/>
</testsuite> <!-- SimpleTest.ExtentReport -->
