<?xml version="1.0" encoding="UTF-8"?>
<!-- Generated by org.testng.reporters.JUnitReportReporter -->
<testsuite hostname="HYDHTC495996L" failures="0" tests="2" name="framework.Assertion" time="0.021" errors="0" timestamp="2022-02-09T15:38:16 IST" skipped="0">
  <testcase classname="framework.Assertion" name="verifyTitleTrue" time="0.014"/>
  <system-out/>
  <testcase classname="framework.Assertion" name="verifyTitlefalse" time="0.007"/>
  <system-out/>
</testsuite> <!-- framework.Assertion -->
