<?xml version="1.0" encoding="UTF-8"?>
<!-- Generated by org.testng.reporters.JUnitReportReporter -->
<testsuite hostname="HYDHTC495996L" failures="0" tests="3" name="framework.GoogleAccountGetAttribute" time="15.453" errors="0" timestamp="2022-02-09T09:51:35 IST" skipped="0">
  <testcase classname="framework.GoogleAccountGetAttribute" name="Firstname" time="5.145"/>
  <system-out/>
  <testcase classname="framework.GoogleAccountGetAttribute" name="lastname" time="5.133"/>
  <system-out/>
  <testcase classname="framework.GoogleAccountGetAttribute" name="username" time="5.175"/>
  <system-out/>
</testsuite> <!-- framework.GoogleAccountGetAttribute -->
