<?xml version="1.0" encoding="UTF-8"?>
<!-- Generated by org.testng.reporters.JUnitReportReporter -->
<testsuite hostname="HYDHTC495996L" failures="0" tests="1" name="ChromeBrowser.BrokenLinks" time="33.231" errors="0" timestamp="2022-02-08T17:49:09 IST" skipped="0">
  <testcase classname="ChromeBrowser.BrokenLinks" name="checkbrokenLink" time="33.231"/>
  <system-out/>
</testsuite> <!-- ChromeBrowser.BrokenLinks -->
