<?xml version="1.0" encoding="UTF-8"?>
<!-- Generated by org.testng.reporters.JUnitReportReporter -->
<testsuite hostname="HYDHTC495996L" failures="0" tests="1" name="ChromeBrowser.BrowserSize" time="0.014" errors="0" timestamp="2022-02-08T13:21:33 IST" skipped="0">
  <testcase classname="ChromeBrowser.BrowserSize" name="BrowserWindowZSize" time="0.014"/>
  <system-out/>
</testsuite> <!-- ChromeBrowser.BrowserSize -->
