<?xml version="1.0" encoding="UTF-8"?>
<!-- Generated by org.testng.reporters.JUnitReportReporter -->
<testsuite hostname="HYDHTC495996L" failures="0" tests="1" name="ChromeBrowser.ScrollWebpage" time="0.018" errors="0" timestamp="2022-02-08T13:06:04 IST" skipped="0">
  <testcase classname="ChromeBrowser.ScrollWebpage" name="Scrollpage" time="0.018"/>
  <system-out/>
</testsuite> <!-- ChromeBrowser.ScrollWebpage -->
