<?xml version="1.0" encoding="UTF-8"?>
<!-- Generated by org.testng.reporters.JUnitReportReporter -->
<testsuite hostname="HYDHTC495996L" failures="0" tests="3" name="ChromeBrowser.GoogleAccountGetAttribute" time="15.359" errors="0" timestamp="2022-02-09T09:16:44 IST" skipped="0">
  <testcase classname="ChromeBrowser.GoogleAccountGetAttribute" name="Firstname" time="5.120"/>
  <system-out/>
  <testcase classname="ChromeBrowser.GoogleAccountGetAttribute" name="lastname" time="5.099"/>
  <system-out/>
  <testcase classname="ChromeBrowser.GoogleAccountGetAttribute" name="username" time="5.140"/>
  <system-out/>
</testsuite> <!-- ChromeBrowser.GoogleAccountGetAttribute -->
