<?xml version="1.0" encoding="UTF-8"?>
<!-- Generated by org.testng.reporters.JUnitReportReporter -->
<testsuite hostname="HYDHTC495996L" failures="0" tests="1" name="ChromeBrowser.SeleniumSetup" time="11.001" errors="0" timestamp="2022-02-08T12:51:19 IST" skipped="0">
  <testcase classname="ChromeBrowser.SeleniumSetup" name="setup" time="11.001"/>
  <system-out/>
</testsuite> <!-- ChromeBrowser.SeleniumSetup -->
