<?xml version="1.0" encoding="UTF-8"?>
<!-- Generated by org.testng.reporters.JUnitReportReporter -->
<testsuite hostname="HYDHTC495996L" failures="0" tests="1" name="ChromeBrowser.WithoutUsingSendkeys" time="0.023" errors="0" timestamp="2022-02-08T14:34:43 IST" skipped="0">
  <testcase classname="ChromeBrowser.WithoutUsingSendkeys" name="withoutsendkeys" time="0.023"/>
  <system-out/>
</testsuite> <!-- ChromeBrowser.WithoutUsingSendkeys -->
